<?xml version="1.0" encoding="UTF-8"?>
<robot generator="Robot 5.0.1 (Python 3.10.6 on win32)" generated="20221012 21:09:14.920" rpa="false" schemaversion="3">
<suite id="s1" name="Rb-fm-test" source="C:\Users\AVSKS\Desktop\Rb-fm-test">
<suite id="s1-s1" name="Tc-Add-Pet" source="C:\Users\AVSKS\Desktop\Rb-fm-test\tc-add-pet.robot">
<test id="s1-s1-t1" name="TC001" line="19">
<kw name="Open Browser" library="SeleniumLibrary">
<arg>http://127.0.0.1:8000</arg>
<arg>chrome</arg>
<doc>Opens a new browser instance to the optional ``url``.</doc>
<msg timestamp="20221012 21:09:15.375" level="INFO">Opening browser 'chrome' to base url 'http://127.0.0.1:8000'.</msg>
<status status="PASS" starttime="20221012 21:09:15.372" endtime="20221012 21:09:22.472"/>
</kw>
<kw name="Maximize Browser Window" library="SeleniumLibrary">
<doc>Maximizes current browser window.</doc>
<msg timestamp="20221012 21:09:22.482" level="WARN">Keyword 'Capture Page Screenshot' could not be run on failure: Message: no such window: target window already closed
from unknown error: web view not found
  (Session info: chrome=106.0.5249.119)
Stacktrace:
Backtrace:
	Ordinal0 [0x009D1ED3+2236115]
	Ordinal0 [0x009692F1+1807089]
	Ordinal0 [0x008766FD+812797]
	Ordinal0 [0x0085DFFA+712698]
	Ordinal0 [0x008C506B+1134699]
	Ordinal0 [0x008D514A+1200458]
	Ordinal0 [0x008C18A6+1120422]
	Ordinal0 [0x0089A73D+960317]
	Ordinal0 [0x0089B71F+964383]
	GetHandleVerifier [0x00C7E7E2+2743074]
	GetHandleVerifier [0x00C708D4+2685972]
	GetHandleVerifier [0x00A62BAA+532202]
	GetHandleVerifier [0x00A61990+527568]
	Ordinal0 [0x0097080C+1837068]
	Ordinal0 [0x00974CD8+1854680]
	Ordinal0 [0x00974DC5+1854917]
	Ordinal0 [0x0097ED64+1895780]
	BaseThreadInitThunk [0x7601FA29+25]
	RtlGetAppContainerNamedObjectPath [0x77857B5E+286]
	RtlGetAppContainerNamedObjectPath [0x77857B2E+238]
</msg>
<msg timestamp="20221012 21:09:22.524" level="FAIL">NoSuchWindowException: Message: no such window: target window already closed
from unknown error: web view not found
  (Session info: chrome=106.0.5249.119)
Stacktrace:
Backtrace:
	Ordinal0 [0x009D1ED3+2236115]
	Ordinal0 [0x009692F1+1807089]
	Ordinal0 [0x008766FD+812797]
	Ordinal0 [0x0085DFFA+712698]
	Ordinal0 [0x008C506B+1134699]
	Ordinal0 [0x008D514A+1200458]
	Ordinal0 [0x008C18A6+1120422]
	Ordinal0 [0x0089A73D+960317]
	Ordinal0 [0x0089B71F+964383]
	GetHandleVerifier [0x00C7E7E2+2743074]
	GetHandleVerifier [0x00C708D4+2685972]
	GetHandleVerifier [0x00A62BAA+532202]
	GetHandleVerifier [0x00A61990+527568]
	Ordinal0 [0x0097080C+1837068]
	Ordinal0 [0x00974CD8+1854680]
	Ordinal0 [0x00974DC5+1854917]
	Ordinal0 [0x0097ED64+1895780]
	BaseThreadInitThunk [0x7601FA29+25]
	RtlGetAppContainerNamedObjectPath [0x77857B5E+286]
	RtlGetAppContainerNamedObjectPath [0x77857B2E+238]
</msg>
<status status="FAIL" starttime="20221012 21:09:22.475" endtime="20221012 21:09:22.530"/>
</kw>
<kw name="Sleep" library="BuiltIn">
<arg>5s</arg>
<doc>Pauses the test executed for the given time.</doc>
<status status="NOT RUN" starttime="20221012 21:09:22.531" endtime="20221012 21:09:22.532"/>
</kw>
<kw name="Click Link" library="SeleniumLibrary">
<arg>//*[@id="header"]/nav/ul/li[7]/a</arg>
<doc>Clicks a link identified by ``locator``.</doc>
<status status="NOT RUN" starttime="20221012 21:09:22.532" endtime="20221012 21:09:22.532"/>
</kw>
<kw name="Sleep" library="BuiltIn">
<arg>2s</arg>
<doc>Pauses the test executed for the given time.</doc>
<status status="NOT RUN" starttime="20221012 21:09:22.533" endtime="20221012 21:09:22.533"/>
</kw>
<kw name="Input Text" library="SeleniumLibrary">
<arg>//*[@id="email"]</arg>
<arg>jojo@gmail.com</arg>
<doc>Types the given ``text`` into the text field identified by ``locator``.</doc>
<status status="NOT RUN" starttime="20221012 21:09:22.534" endtime="20221012 21:09:22.534"/>
</kw>
<kw name="Input Password" library="SeleniumLibrary">
<arg>//*[@id="password"]</arg>
<arg>123456789</arg>
<doc>Types the given password into the text field identified by ``locator``.</doc>
<status status="NOT RUN" starttime="20221012 21:09:22.535" endtime="20221012 21:09:22.535"/>
</kw>
<kw name="Click Button" library="SeleniumLibrary">
<arg>//*[@id="userloginform"]/div[3]/div[2]/button</arg>
<doc>Clicks the button identified by ``locator``.</doc>
<status status="NOT RUN" starttime="20221012 21:09:22.536" endtime="20221012 21:09:22.536"/>
</kw>
<kw name="Sleep" library="BuiltIn">
<arg>3s</arg>
<doc>Pauses the test executed for the given time.</doc>
<status status="NOT RUN" starttime="20221012 21:09:22.536" endtime="20221012 21:09:22.537"/>
</kw>
<kw name="Click Element" library="SeleniumLibrary">
<arg>//*[@id="header"]/nav/ul/li[6]/a</arg>
<doc>Click the element identified by ``locator``.</doc>
<status status="NOT RUN" starttime="20221012 21:09:22.537" endtime="20221012 21:09:22.538"/>
</kw>
<kw name="Sleep" library="BuiltIn">
<arg>2s</arg>
<doc>Pauses the test executed for the given time.</doc>
<status status="NOT RUN" starttime="20221012 21:09:22.538" endtime="20221012 21:09:22.539"/>
</kw>
<kw name="Click Element" library="SeleniumLibrary">
<arg>//*[@id="header"]/nav/ul/li[6]/ul/li[7]/a</arg>
<doc>Click the element identified by ``locator``.</doc>
<status status="NOT RUN" starttime="20221012 21:09:22.539" endtime="20221012 21:09:22.540"/>
</kw>
<kw name="Sleep" library="BuiltIn">
<arg>2s</arg>
<doc>Pauses the test executed for the given time.</doc>
<status status="NOT RUN" starttime="20221012 21:09:22.540" endtime="20221012 21:09:22.541"/>
</kw>
<kw name="Click Link" library="SeleniumLibrary">
<arg>//*[@id="layout"]/div[3]/section/div/div/div/div/div/div/div[1]/div/div[2]/a</arg>
<doc>Clicks a link identified by ``locator``.</doc>
<status status="NOT RUN" starttime="20221012 21:09:22.542" endtime="20221012 21:09:22.542"/>
</kw>
<kw name="Sleep" library="BuiltIn">
<arg>2s</arg>
<doc>Pauses the test executed for the given time.</doc>
<status status="NOT RUN" starttime="20221012 21:09:22.543" endtime="20221012 21:09:22.544"/>
</kw>
<kw name="Input Text" library="SeleniumLibrary">
<arg>//*[@id="layout"]/div[3]/section/div/div/div/div/div/div/div[2]/form/div[1]/div/input</arg>
<arg>jojo2</arg>
<doc>Types the given ``text`` into the text field identified by ``locator``.</doc>
<status status="NOT RUN" starttime="20221012 21:09:22.544" endtime="20221012 21:09:22.545"/>
</kw>
<kw name="Input Text" library="SeleniumLibrary">
<arg>//*[@id="layout"]/div[3]/section/div/div/div/div/div/div/div[2]/form/div[2]/div/input</arg>
<arg>cat</arg>
<doc>Types the given ``text`` into the text field identified by ``locator``.</doc>
<status status="NOT RUN" starttime="20221012 21:09:22.545" endtime="20221012 21:09:22.546"/>
</kw>
<kw name="Input Text" library="SeleniumLibrary">
<arg>name:age</arg>
<arg>2years</arg>
<doc>Types the given ``text`` into the text field identified by ``locator``.</doc>
<status status="NOT RUN" starttime="20221012 21:09:22.546" endtime="20221012 21:09:22.547"/>
</kw>
<kw name="Input Text" library="SeleniumLibrary">
<arg>//*[@id="layout"]/div[3]/section/div/div/div/div/div/div/div[2]/form/div[4]/div/input</arg>
<arg>5 kg.</arg>
<doc>Types the given ``text`` into the text field identified by ``locator``.</doc>
<status status="NOT RUN" starttime="20221012 21:09:22.547" endtime="20221012 21:09:22.548"/>
</kw>
<kw name="Sleep" library="BuiltIn">
<arg>2s</arg>
<doc>Pauses the test executed for the given time.</doc>
<status status="NOT RUN" starttime="20221012 21:09:22.548" endtime="20221012 21:09:22.549"/>
</kw>
<kw name="Choose File" library="SeleniumLibrary">
<arg>//*[@id="layout"]/div[3]/section/div/div/div/div/div/div/div[2]/form/div[5]/div/input</arg>
<arg>C:/Users/AVSKS/Desktop/Rb-fm-test/img/test.png</arg>
<doc>Inputs the ``file_path`` into the file input field ``locator``.</doc>
<status status="NOT RUN" starttime="20221012 21:09:22.550" endtime="20221012 21:09:22.550"/>
</kw>
<kw name="Sleep" library="BuiltIn">
<arg>2s</arg>
<doc>Pauses the test executed for the given time.</doc>
<status status="NOT RUN" starttime="20221012 21:09:22.551" endtime="20221012 21:09:22.552"/>
</kw>
<kw name="Click Button" library="SeleniumLibrary">
<arg>//*[@id="layout"]/div[3]/section/div/div/div/div/div/div/div[2]/form/button</arg>
<doc>Clicks the button identified by ``locator``.</doc>
<status status="NOT RUN" starttime="20221012 21:09:22.552" endtime="20221012 21:09:22.553"/>
</kw>
<kw name="Sleep" library="BuiltIn">
<arg>2s</arg>
<doc>Pauses the test executed for the given time.</doc>
<status status="NOT RUN" starttime="20221012 21:09:22.554" endtime="20221012 21:09:22.554"/>
</kw>
<kw name="Go To" library="SeleniumLibrary">
<arg>http://127.0.0.1:8000/pet-all</arg>
<doc>Navigates the current browser window to the provided ``url``.</doc>
<status status="NOT RUN" starttime="20221012 21:09:22.555" endtime="20221012 21:09:22.555"/>
</kw>
<kw name="Sleep" library="BuiltIn">
<arg>5s</arg>
<doc>Pauses the test executed for the given time.</doc>
<status status="NOT RUN" starttime="20221012 21:09:22.555" endtime="20221012 21:09:22.556"/>
</kw>
<kw name="Close Browser" library="SeleniumLibrary">
<doc>Closes the current browser.</doc>
<status status="NOT RUN" starttime="20221012 21:09:22.556" endtime="20221012 21:09:22.557"/>
</kw>
<status status="FAIL" starttime="20221012 21:09:15.369" endtime="20221012 21:09:22.559">NoSuchWindowException: Message: no such window: target window already closed
from unknown error: web view not found
  (Session info: chrome=106.0.5249.119)
Stacktrace:
Backtrace:
	Ordinal0 [0x009D1ED3+2236115]
	Ordinal0 [0x009692F1+1807089]
	Ordinal0 [0x008766FD+812797]
	Ordinal0 [0x0085DFFA+712698]
	Ordinal0 [0x008C506B+1134699]
	Ordinal0 [0x008D514A+1200458]
	Ordinal0 [0x008C18A6+1120422]
	Ordinal0 [0x0089A73D+960317]
	Ordinal0 [0x0089B71F+964383]
	GetHandleVerifier [0x00C7E7E2+2743074]
	GetHandleVerifier [0x00C708D4+2685972]
	GetHandleVerifier [0x00A62BAA+532202]
	GetHandleVerifier [0x00A61990+527568]
	Ordinal0 [0x0097080C+1837068]
	Ordinal0 [0x00974CD8+1854680]
	Ordinal0 [0x00974DC5+1854917]
	Ordinal0 [0x0097ED64+1895780]
	BaseThreadInitThunk [0x7601FA29+25]
	RtlGetAppContainerNamedObjectPath [0x77857B5E+286]
	RtlGetAppContainerNamedObjectPath [0x77857B2E+238]
</status>
</test>
<status status="FAIL" starttime="20221012 21:09:15.069" endtime="20221012 21:09:22.587"/>
</suite>
<status status="FAIL" starttime="20221012 21:09:15.034" endtime="20221012 21:09:22.598"/>
</suite>
<statistics>
<total>
<stat pass="0" fail="1" skip="0">All Tests</stat>
</total>
<tag>
</tag>
<suite>
<stat pass="0" fail="1" skip="0" id="s1" name="Rb-fm-test">Rb-fm-test</stat>
<stat pass="0" fail="1" skip="0" id="s1-s1" name="Tc-Add-Pet">Rb-fm-test.Tc-Add-Pet</stat>
</suite>
</statistics>
<errors>
<msg timestamp="20221012 21:09:22.482" level="WARN">Keyword 'Capture Page Screenshot' could not be run on failure: Message: no such window: target window already closed
from unknown error: web view not found
  (Session info: chrome=106.0.5249.119)
Stacktrace:
Backtrace:
	Ordinal0 [0x009D1ED3+2236115]
	Ordinal0 [0x009692F1+1807089]
	Ordinal0 [0x008766FD+812797]
	Ordinal0 [0x0085DFFA+712698]
	Ordinal0 [0x008C506B+1134699]
	Ordinal0 [0x008D514A+1200458]
	Ordinal0 [0x008C18A6+1120422]
	Ordinal0 [0x0089A73D+960317]
	Ordinal0 [0x0089B71F+964383]
	GetHandleVerifier [0x00C7E7E2+2743074]
	GetHandleVerifier [0x00C708D4+2685972]
	GetHandleVerifier [0x00A62BAA+532202]
	GetHandleVerifier [0x00A61990+527568]
	Ordinal0 [0x0097080C+1837068]
	Ordinal0 [0x00974CD8+1854680]
	Ordinal0 [0x00974DC5+1854917]
	Ordinal0 [0x0097ED64+1895780]
	BaseThreadInitThunk [0x7601FA29+25]
	RtlGetAppContainerNamedObjectPath [0x77857B5E+286]
	RtlGetAppContainerNamedObjectPath [0x77857B2E+238]
</msg>
</errors>
</robot>
